============================= test session starts =============================
platform win32 -- Python 3.11.9, pytest-8.4.0, pluggy-1.6.0
codspeed: 3.2.0 (disabled, mode: walltime, timer_resolution: 100.0ns)
benchmark: 5.1.0 (defaults: timer=time.perf_counter disable_gc=False min_rounds=5 min_time=0.000005 max_time=1.0 calibration_precision=10 warmup=False warmup_iterations=100000)
rootdir: C:\kortana\backend
configfile: pytest.ini
testpaths: tests
plugins: anyio-4.9.0, langsmith-0.4.39, asyncio-0.24.0, benchmark-5.1.0, codspeed-3.2.0, cov-4.1.0, recording-0.13.4, socket-0.7.0, syrupy-4.9.1
asyncio: mode=Mode.AUTO, default_loop_scope=None
collected 1029 items

tests\integration\test_autonomous_systems.py .............               [  1%]
tests\integration\test_full_system.py ....                               [  1%]
tests\test_ai_orchestrator.py ....                                       [  2%]
tests\test_always_on.py ..........................................       [  6%]
tests\test_always_on_monitor.py .....................                    [  8%]
tests\test_always_on_monitor_dedup.py ..                                 [  8%]
tests\test_auth.py .............                                         [  9%]
tests\test_auth_extended.py ..............                               [ 10%]
tests\test_auth_router.py ........................                       [ 13%]
tests\test_autonomous_monitor.py ....                                    [ 13%]
tests\test_autonomy.py ................................................. [ 18%]
.......                                                                  [ 19%]
tests\test_autonomy_benchmark.py ...........s................            [ 21%]
tests\test_autonomy_code_patcher.py ........                             [ 22%]
tests\test_autonomy_daemon.py ......................................     [ 26%]
tests\test_autonomy_ui_patcher.py .......                                [ 27%]
tests\test_billing.py ..............................                     [ 29%]
tests\test_cache.py ................................................     [ 34%]
tests\test_code_reviewer.py ..........................                   [ 37%]
tests\test_config_security.py ......                                     [ 37%]
tests\test_consciousness.py .................................            [ 40%]
tests\test_database_url_normalization.py ....                            [ 41%]
tests\test_exceptions.py .......................                         [ 43%]
tests\test_gemini_router.py ..............................               [ 46%]
tests\test_github_automation.py ....                                     [ 46%]
