src\dev_agent_stub.py:8: error: Skipping analyzing "kortana.config.schema": module is installed, but missing library stubs or py.typed marker  [import-untyped]
src\kortana\memory\memory.py:14: error: Skipping analyzing "kortana.config.schema": module is installed, but missing library stubs or py.typed marker  [import-untyped]
src\sacred_trinity_router.py:11: error: Skipping analyzing "kortana.config.schema": module is installed, but missing library stubs or py.typed marker  [import-untyped]
src\kortana\agents\autonomous_agents.py:12: error: Skipping analyzing "kortana.config.schema": module is installed, but missing library stubs or py.typed marker  [import-untyped]
src\kortana\agents\autonomous_agents.py:72: error: Returning Any from function declared to return "str"  [no-any-return]
src\kortana\agents\autonomous_agents.py:240: error: Returning Any from function declared to return "str"  [no-any-return]
src\kortana\config\__init__.py:11: error: Library stubs not installed for "yaml"  [import-untyped]
src\kortana\core\memory.py:174: note: By default the bodies of untyped functions are not checked, consider using --check-untyped-defs  [annotation-unchecked]
src\kortana\core\goals\engine.py:10: error: Skipping analyzing "kortana.core.execution_engine": module is installed, but missing library stubs or py.typed marker  [import-untyped]
src\kortana\core\goals\engine.py:11: error: Skipping analyzing "kortana.core.goals.goal": module is installed, but missing library stubs or py.typed marker  [import-untyped]
src\kortana\core\goals\engine.py:11: note: See https://mypy.readthedocs.io/en/stable/running_mypy.html#missing-imports
src\kortana\core\goals\engine.py:12: error: Skipping analyzing "kortana.core.goals.manager": module is installed, but missing library stubs or py.typed marker  [import-untyped]
src\kortana\core\goals\engine.py:13: error: Skipping analyzing "kortana.core.planning_engine": module is installed, but missing library stubs or py.typed marker  [import-untyped]
src\kortana\core\goals\engine.py:79: error: Returning Any from function declared to return "list[Any]"  [no-any-return]
src\kortana\core\goals\engine.py:81: error: Need type annotation for "execution_context" (hint: "execution_context: dict[<type>, <type>] = ...")  [var-annotated]
src\kortana\core\goals\engine.py:116: error: Returning Any from function declared to return "list[Any]"  [no-any-return]
src\kortana\core\goals\engine.py:126: error: Returning Any from function declared to return "list[Any]"  [no-any-return]
src\kortana\core\goals\test_goals.py:5: error: Skipping analyzing "kortana.core.goals.engine": module is installed, but missing library stubs or py.typed marker  [import-untyped]
src\kortana\core\goals\test_goals.py:6: error: Skipping analyzing "kortana.core.goals.generator": module is installed, but missing library stubs or py.typed marker  [import-untyped]
src\kortana\core\goals\test_goals.py:7: error: Skipping analyzing "kortana.core.goals.goal": module is installed, but missing library stubs or py.typed marker  [import-untyped]
src\kortana\core\goals\test_goals.py:8: error: Skipping analyzing "kortana.core.goals.prioritizer": module is installed, but missing library stubs or py.typed marker  [import-untyped]
src\kortana\core\goals\test_goals.py:9: error: Skipping analyzing "kortana.core.goals.scanner": module is installed, but missing library stubs or py.typed marker  [import-untyped]
src\kortana\core\goals\manager.py:165: error: "CovenantEnforcer" has no attribute "validate_action"  [attr-defined]
src\kortana\core\goals\manager.py:171: error: "CovenantEnforcer" has no attribute "evaluate_sacred_alignment"  [attr-defined]
src\kortana\core\goals\covenant.py:37: error: "CovenantEnforcer" has no attribute "validate_action"  [attr-defined]
src\kortana\core\goals\covenant.py:89: error: "CovenantEnforcer" has no attribute "evaluate_sacred_alignment"  [attr-defined]
src\kortana\core\goals\covenant.py:102: error: Returning Any from function declared to return "dict[str, float]"  [no-any-return]
src\kortana\core\goals\covenant.py:114: error: Need type annotation for "recommendations"  [var-annotated]
config\schema.py:91: error: Incompatible types in assignment (expression has type "None", variable has type "MonitoringAgentConfig")  [assignment]
src\kortana\core\goals\generator.py:11: error: Skipping analyzing "kortana.services.llm_service": module is installed, but missing library stubs or py.typed marker  [import-untyped]
config\__init__.py:10: error: Library stubs not installed for "yaml"  [import-untyped]
src\kortana\core\brain.py:13: error: Library stubs not installed for "yaml"  [import-untyped]
src\kortana\core\brain.py:13: note: Hint: "python3 -m pip install types-PyYAML"
src\kortana\core\brain.py:13: note: (or run "mypy --install-types" to install all missing stub packages)
src\kortana\core\brain.py:14: error: Skipping analyzing "apscheduler.schedulers.background": module is installed, but missing library stubs or py.typed marker  [import-untyped]
src\kortana\core\brain.py:24: error: Skipping analyzing "kortana.config": module is installed, but missing library stubs or py.typed marker  [import-untyped]
src\kortana\core\brain.py:25: error: Skipping analyzing "kortana.core.covenant_enforcer": module is installed, but missing library stubs or py.typed marker  [import-untyped]
src\kortana\core\brain.py:26: error: Skipping analyzing "kortana.memory.memory": module is installed, but missing library stubs or py.typed marker  [import-untyped]
src\kortana\core\brain.py:27: error: Skipping analyzing "kortana.memory.memory_manager": module is installed, but missing library stubs or py.typed marker  [import-untyped]
src\kortana\core\brain.py:28: error: Skipping analyzing "kortana.utils": module is installed, but missing library stubs or py.typed marker  [import-untyped]
src\kortana\core\brain.py:29: error: Skipping analyzing "llm_clients.factory": module is installed, but missing library stubs or py.typed marker  [import-untyped]
src\kortana\core\brain.py:30: error: Skipping analyzing "model_router": module is installed, but missing library stubs or py.typed marker  [import-untyped]
src\kortana\core\brain.py:36: error: Name "SacredTrinityRouter" already defined (possibly by an import)  [no-redef]
src\kortana\core\brain.py:141: error: Need type annotation for "monitoring_config"  [var-annotated]
src\kortana\core\brain.py:147: error: Argument "config" to "MonitoringAgent" has incompatible type "AgentTypeConfig | dict[Any, Any]"; expected "dict[str, Any] | None"  [arg-type]
src\kortana\core\brain.py:163: error: Returning Any from function declared to return "dict[str, Any]"  [no-any-return]
src\kortana\core\brain.py:174: error: Returning Any from function declared to return "dict[str, Any]"  [no-any-return]
src\kortana\core\brain.py:244: error: Returning Any from function declared to return "str"  [no-any-return]
src\kortana\core\autonomous_development_engine.py:279: error: "object" not callable  [operator]
src\kortana\core\autonomous_development_engine.py:823: error: Skipping analyzing "kortana.core.covenant_enforcer": module is installed, but missing library stubs or py.typed marker  [import-untyped]
src\kortana\core\autonomous_development_engine.py:824: error: Skipping analyzing "kortana.llm_clients.factory": module is installed, but missing library stubs or py.typed marker  [import-untyped]
src\kortana\memory\memory_manager.py:22: error: Cannot assign to a type  [misc]
src\kortana\__init__.py:17: error: Module "src.kortana.core.brain" has no attribute "Brain"  [attr-defined]
Found 49 errors in 16 files (checked 9 source files)
