Loading environment variables from .env file...
Attempting to import GoogleGenAIClient...
ERROR: Could not import GoogleGenAIClient: No module named 'src.llm_clients.genai_client'
Ensure src/llm_clients/genai_client.py and related factory/init files are correct.
archive/cleanup_20250610/archive_2025_05_30_backup/tests_legacy/test_fixed_google_client.py::test_genai_client_initialization
archive/cleanup_20250610/archive_2025_05_30_backup/tests_legacy/test_fixed_google_client.py::test_basic_generation
archive/cleanup_20250610/archive_2025_05_30_backup/tests_legacy/test_fixed_google_client.py::test_tools_generation
archive/cleanup_20250610/archive_2025_05_30_backup/tests_legacy/test_fixed_google_client.py::test_sacred_router_integration
INTERNALERROR> Traceback (most recent call last):
INTERNALERROR>   File "c:\project-kortana\archive\cleanup_20250610\archive_2025_05_30_backup\tests_legacy\test_genai.py", line 15, in <module>
INTERNALERROR>     from src.llm_clients.genai_client import GoogleGenAIClient
INTERNALERROR> ModuleNotFoundError: No module named 'src.llm_clients.genai_client'
INTERNALERROR> 
INTERNALERROR> During handling of the above exception, another exception occurred:
INTERNALERROR> 
INTERNALERROR> Traceback (most recent call last):
INTERNALERROR>   File "c:\project-kortana\venv311\Lib\site-packages\_pytest\main.py", line 289, in wrap_session
INTERNALERROR>     session.exitstatus = doit(config, session) or 0
INTERNALERROR>                          ^^^^^^^^^^^^^^^^^^^^^
INTERNALERROR>   File "c:\project-kortana\venv311\Lib\site-packages\_pytest\main.py", line 342, in _main
INTERNALERROR>     config.hook.pytest_collection(session=session)
INTERNALERROR>   File "c:\project-kortana\venv311\Lib\site-packages\pluggy\_hooks.py", line 512, in __call__
INTERNALERROR>     return self._hookexec(self.name, self._hookimpls.copy(), kwargs, firstresult)
INTERNALERROR>            ^^^^^^^^^^^^^^^^^^^^^^^^^^^^^^^^^^^^^^^^^^^^^^^^^^^^^^^^^^^^^^^^^^^^^^
INTERNALERROR>   File "c:\project-kortana\venv311\Lib\site-packages\pluggy\_manager.py", line 120, in _hookexec
INTERNALERROR>     return self._inner_hookexec(hook_name, methods, kwargs, firstresult)
INTERNALERROR>            ^^^^^^^^^^^^^^^^^^^^^^^^^^^^^^^^^^^^^^^^^^^^^^^^^^^^^^^^^^^^^
INTERNALERROR>   File "c:\project-kortana\venv311\Lib\site-packages\pluggy\_callers.py", line 167, in _multicall
INTERNALERROR>     raise exception
INTERNALERROR>   File "c:\project-kortana\venv311\Lib\site-packages\pluggy\_callers.py", line 139, in _multicall
INTERNALERROR>     teardown.throw(exception)
INTERNALERROR>   File "c:\project-kortana\venv311\Lib\site-packages\_pytest\logging.py", line 788, in pytest_collection
INTERNALERROR>     return (yield)
INTERNALERROR>             ^^^^^
INTERNALERROR>   File "c:\project-kortana\venv311\Lib\site-packages\pluggy\_callers.py", line 139, in _multicall
INTERNALERROR>     teardown.throw(exception)
INTERNALERROR>   File "c:\project-kortana\venv311\Lib\site-packages\_pytest\warnings.py", line 99, in pytest_collection
INTERNALERROR>     return (yield)
INTERNALERROR>             ^^^^^
INTERNALERROR>   File "c:\project-kortana\venv311\Lib\site-packages\pluggy\_callers.py", line 139, in _multicall
INTERNALERROR>     teardown.throw(exception)
INTERNALERROR>   File "c:\project-kortana\venv311\Lib\site-packages\_pytest\config\__init__.py", line 1450, in pytest_collection
INTERNALERROR>     return (yield)
INTERNALERROR>             ^^^^^
INTERNALERROR>   File "c:\project-kortana\venv311\Lib\site-packages\pluggy\_callers.py", line 121, in _multicall
INTERNALERROR>     res = hook_impl.function(*args)
INTERNALERROR>           ^^^^^^^^^^^^^^^^^^^^^^^^^
INTERNALERROR>   File "c:\project-kortana\venv311\Lib\site-packages\_pytest\main.py", line 353, in pytest_collection
INTERNALERROR>     session.perform_collect()
INTERNALERROR>   File "c:\project-kortana\venv311\Lib\site-packages\_pytest\main.py", line 813, in perform_collect
INTERNALERROR>     self.items.extend(self.genitems(node))
INTERNALERROR>   File "c:\project-kortana\venv311\Lib\site-packages\_pytest\main.py", line 979, in genitems
INTERNALERROR>     yield from self.genitems(subnode)
INTERNALERROR>   File "c:\project-kortana\venv311\Lib\site-packages\_pytest\main.py", line 979, in genitems
INTERNALERROR>     yield from self.genitems(subnode)
INTERNALERROR>   File "c:\project-kortana\venv311\Lib\site-packages\_pytest\main.py", line 979, in genitems
INTERNALERROR>     yield from self.genitems(subnode)
INTERNALERROR>   [Previous line repeated 2 more times]
INTERNALERROR>   File "c:\project-kortana\venv311\Lib\site-packages\_pytest\main.py", line 974, in genitems
INTERNALERROR>     rep, duplicate = self._collect_one_node(node, handle_dupes)
INTERNALERROR>                      ^^^^^^^^^^^^^^^^^^^^^^^^^^^^^^^^^^^^^^^^^^
INTERNALERROR>   File "c:\project-kortana\venv311\Lib\site-packages\_pytest\main.py", line 839, in _collect_one_node
INTERNALERROR>     rep = collect_one_node(node)
INTERNALERROR>           ^^^^^^^^^^^^^^^^^^^^^^
INTERNALERROR>   File "c:\project-kortana\venv311\Lib\site-packages\_pytest\runner.py", line 567, in collect_one_node
INTERNALERROR>     rep: CollectReport = ihook.pytest_make_collect_report(collector=collector)
INTERNALERROR>                          ^^^^^^^^^^^^^^^^^^^^^^^^^^^^^^^^^^^^^^^^^^^^^^^^^^^^^
INTERNALERROR>   File "c:\project-kortana\venv311\Lib\site-packages\pluggy\_hooks.py", line 512, in __call__
INTERNALERROR>     return self._hookexec(self.name, self._hookimpls.copy(), kwargs, firstresult)
INTERNALERROR>            ^^^^^^^^^^^^^^^^^^^^^^^^^^^^^^^^^^^^^^^^^^^^^^^^^^^^^^^^^^^^^^^^^^^^^^
INTERNALERROR>   File "c:\project-kortana\venv311\Lib\site-packages\pluggy\_manager.py", line 120, in _hookexec
INTERNALERROR>     return self._inner_hookexec(hook_name, methods, kwargs, firstresult)
INTERNALERROR>            ^^^^^^^^^^^^^^^^^^^^^^^^^^^^^^^^^^^^^^^^^^^^^^^^^^^^^^^^^^^^^
INTERNALERROR>   File "c:\project-kortana\venv311\Lib\site-packages\pluggy\_callers.py", line 167, in _multicall
INTERNALERROR>     raise exception
INTERNALERROR>   File "c:\project-kortana\venv311\Lib\site-packages\pluggy\_callers.py", line 139, in _multicall
INTERNALERROR>     teardown.throw(exception)
INTERNALERROR>   File "c:\project-kortana\venv311\Lib\site-packages\_pytest\capture.py", line 880, in pytest_make_collect_report
INTERNALERROR>     rep = yield
INTERNALERROR>           ^^^^^
INTERNALERROR>   File "c:\project-kortana\venv311\Lib\site-packages\pluggy\_callers.py", line 121, in _multicall
INTERNALERROR>     res = hook_impl.function(*args)
INTERNALERROR>           ^^^^^^^^^^^^^^^^^^^^^^^^^
INTERNALERROR>   File "c:\project-kortana\venv311\Lib\site-packages\_pytest\runner.py", line 391, in pytest_make_collect_report
INTERNALERROR>     call = CallInfo.from_call(
INTERNALERROR>            ^^^^^^^^^^^^^^^^^^^
INTERNALERROR>   File "c:\project-kortana\venv311\Lib\site-packages\_pytest\runner.py", line 344, in from_call
INTERNALERROR>     result: TResult | None = func()
INTERNALERROR>                              ^^^^^^
INTERNALERROR>   File "c:\project-kortana\venv311\Lib\site-packages\_pytest\runner.py", line 389, in collect
INTERNALERROR>     return list(collector.collect())
INTERNALERROR>                 ^^^^^^^^^^^^^^^^^^^
INTERNALERROR>   File "c:\project-kortana\venv311\Lib\site-packages\_pytest\python.py", line 553, in collect
INTERNALERROR>     self._register_setup_module_fixture()
INTERNALERROR>   File "c:\project-kortana\venv311\Lib\site-packages\_pytest\python.py", line 566, in _register_setup_module_fixture
INTERNALERROR>     self.obj, ("setUpModule", "setup_module")
INTERNALERROR>     ^^^^^^^^
INTERNALERROR>   File "c:\project-kortana\venv311\Lib\site-packages\_pytest\python.py", line 279, in obj
INTERNALERROR>     self._obj = obj = self._getobj()
INTERNALERROR>                       ^^^^^^^^^^^^^^
INTERNALERROR>   File "c:\project-kortana\venv311\Lib\site-packages\_pytest\python.py", line 550, in _getobj
INTERNALERROR>     return importtestmodule(self.path, self.config)
INTERNALERROR>            ^^^^^^^^^^^^^^^^^^^^^^^^^^^^^^^^^^^^^^^^
INTERNALERROR>   File "c:\project-kortana\venv311\Lib\site-packages\_pytest\python.py", line 497, in importtestmodule
INTERNALERROR>     mod = import_path(
INTERNALERROR>           ^^^^^^^^^^^^
INTERNALERROR>   File "c:\project-kortana\venv311\Lib\site-packages\_pytest\pathlib.py", line 587, in import_path
INTERNALERROR>     importlib.import_module(module_name)
INTERNALERROR>   File "C:\Program Files\Python311\Lib\importlib\__init__.py", line 126, in import_module
INTERNALERROR>     return _bootstrap._gcd_import(name[level:], package, level)
INTERNALERROR>            ^^^^^^^^^^^^^^^^^^^^^^^^^^^^^^^^^^^^^^^^^^^^^^^^^^^^
INTERNALERROR>   File "<frozen importlib._bootstrap>", line 1204, in _gcd_import
INTERNALERROR>   File "<frozen importlib._bootstrap>", line 1176, in _find_and_load
INTERNALERROR>   File "<frozen importlib._bootstrap>", line 1147, in _find_and_load_unlocked
INTERNALERROR>   File "<frozen importlib._bootstrap>", line 690, in _load_unlocked
INTERNALERROR>   File "c:\project-kortana\venv311\Lib\site-packages\_pytest\assertion\rewrite.py", line 186, in exec_module
INTERNALERROR>     exec(co, module.__dict__)
INTERNALERROR>   File "c:\project-kortana\archive\cleanup_20250610\archive_2025_05_30_backup\tests_legacy\test_genai.py", line 21, in <module>
INTERNALERROR>     sys.exit(1)
INTERNALERROR> SystemExit: 1

4 tests collected, 4 errors in 0.87s
