Python version: 3.11.9 (tags/v3.11.9:de54cf5, Apr  2 2024, 10:12:12) [MSC v.1938 64 bit (AMD64)]
sys.path: ['C:\\project-kortana', 'C:\\Program Files\\Python311\\python311.zip', 'C:\\Program Files\\Python311\\DLLs', 'C:\\Program Files\\Python311\\Lib', 'C:\\Program Files\\Python311', 'C:\\project-kortana\\venv311', 'C:\\project-kortana\\venv311\\Lib\\site-packages', 'C:\\project-kortana\\src']

==== Testing Imports ====

1. Testing kortana.config imports...
Traceback (most recent call last):
  File "C:\project-kortana\comprehensive_import_test.py", line 17, in <module>
    print("\u2713 Successfully imported load_config and get_config from kortana.config")
  File "C:\Program Files\Python311\Lib\encodings\cp1252.py", line 19, in encode
    return codecs.charmap_encode(input,self.errors,encoding_table)[0]
           ^^^^^^^^^^^^^^^^^^^^^^^^^^^^^^^^^^^^^^^^^^^^^^^^^^^^^^^
UnicodeEncodeError: 'charmap' codec can't encode character '\u2713' in position 0: character maps to <undefined>

During handling of the above exception, another exception occurred:

Traceback (most recent call last):
  File "C:\project-kortana\comprehensive_import_test.py", line 22, in <module>
    print(f"\u2717 Error with kortana.config imports: {e}")
  File "C:\Program Files\Python311\Lib\encodings\cp1252.py", line 19, in encode
    return codecs.charmap_encode(input,self.errors,encoding_table)[0]
           ^^^^^^^^^^^^^^^^^^^^^^^^^^^^^^^^^^^^^^^^^^^^^^^^^^^^^^^
UnicodeEncodeError: 'charmap' codec can't encode character '\u2717' in position 0: character maps to <undefined>
